 Address    Code        Basic                         Source                         Binário 

0x00400000  0x24190004  addiu $25,$0,0x000000017      li $t9, 4                      100100000110010000000000000100
0x00400004  0x3c011001  lui $1,0x00001001     19      la  $a0, matriz1               111100000000010001000000000001  
0x00400008  0x34240020  ori $4,$1,0x00000020                                         110100001001000000000000100000
0x0040000c  0x0c100013  jal 0x0040004c        20      jal matriz_insere              1100000100000000000000010011
0x00400010  0x3c011001  lui $1,0x00001001     22      la  $a0, matriz2               111100000000010001000000000001
0x00400014  0x34240214  ori $4,$1,0x00000214                                         110100001001000000001000010100
0x00400018  0x0c100013  jal 0x0040004c        23      jal matriz_insere              1100000100000000000000010011
0x0040001c  0x3c011001  lui $1,0x00001001     26      la  $a2, matriz1               111100000000010001000000000001
0x00400020  0x34260020  ori $6,$1,0x00000020                                         110100001001100000000000100000
0x00400024  0x3c011001  lui $1,0x00001001     27      la  $a1, matriz2               111100000000010001000000000001
0x00400028  0x34250214  ori $5,$1,0x00000214                                         110100001001010000001000010100
0x0040002c  0x3c011001  lui $1,0x00001001     28      la  $a0, matriz3               111100000000010001000000000001
0x00400030  0x34240408  ori $4,$1,0x00000408                                         110100001001000000010000001000
0x00400034  0x0c10004a  jal 0x00400128        29      jal matriz_multiplica          1100000100000000000001001010
0x00400038  0x3c011001  lui $1,0x00001001     32      la  $a0, matriz3               111100000000010001000000000001
0x0040003c  0x34240408  ori $4,$1,0x00000408                                         110100001001000000010000001000 
0x00400040  0x0c10002d  jal 0x004000b4        33      jal matriz_saida               1100000100000000000000101101
0x00400044  0x2402000a  addiu $2,$0,0x0000000a35      li $v0, 10                     100100000000100000000000001010
0x00400048  0x0000000c  syscall               36      syscall                        1100
0x0040004c  0x24080000  addiu $8,$0,0x0000000039      li   $t0, 0                    100100000010000000000000000000 
0x00400050  0x3c011001  lui $1,0x00001001     40      la   $s0, entrada              111100000000010001000000000001
0x00400054  0x34300004  ori $16,$1,0x00000004                                        110100001100000000000000000100
0x00400058  0x00048821  addu $17,$0,$4        41      move $s1, $a0                  1001000100000100001
0x0040005c  0x1119002d  beq $8,$25,0x0000002d 45      beq $t0, $t9, matriz_fim       10001000110010000000000101101      
0x00400060  0x21080001  addi $8,$8,0x00000001 46      addi $t0, $t0, 1               100001000010000000000000000001
0x00400064  0x21090030  addi $9,$8,0x00000030 47      addi $t1, $t0, 48              100001000010010000000000110000
0x00400068  0xa209000b  sb $9,0x0000000b($16) 48      sb $t1, 11($s0)                10100010000010010000000000001011
0x0040006c  0x3c011001  lui $1,0x00001001     49      la $a0, entrada                111100000000010001000000000001
0x00400070  0x34240004  ori $4,$1,0x00000004                                         110100001001000000000000000100
0x00400074  0x24020004  addiu $2,$0,0x0000000450      li $v0, 4                      100100000000100000000000000100
0x00400078  0x0000000c  syscall               51      syscall                        1100
0x0040007c  0x240a0000  addiu $10,$0,0x000000053      li $t2,0                       100100000010100000000000000000
0x00400080  0x2402000c  addiu $2,$0,0x0000000c56      li $v0, 12                     100100000000100000000000001100
0x00400084  0x0000000c  syscall               57      syscall                        1100
0x00400088  0x20010030  addi $1,$0,0x00000030 59      subi $v0, $v0, 48              100000000000010000000000110000
0x0040008c  0x00411022  sub $2,$2,$1                                                 10000010001000000100010
0x00400090  0xa2220000  sb $2,0x00000000($17) 60      sb $v0, 0($s1)                 10100010001000100000000000000000
0x00400094  0x3c011001  lui $1,0x00001001     62      la $a0, espaco                 111100000000010001000000000001
0x00400098  0x34240000  ori $4,$1,0x00000000                                         110100001001000000000000000000
0x0040009c  0x24020004  addiu $2,$0,0x0000000463      li $v0, 4                      100100000000100000000000000100
0x004000a0  0x0000000c  syscall               64      syscall                        1100
0x004000a4  0x22310004  addi $17,$17,0x000000066      addi $s1, $s1, 4               100010001100010000000000000100
0x004000a8  0x214a0001  addi $10,$10,0x000000067      addi $t2, $t2, 1               100001010010100000000000000001
0x004000ac  0x1159ffeb  beq $10,$25,0xffffffeb69      beq $t2, $t9, matriz_constroi  10001010110011111111111101011
0x004000b0  0x08100020  j 0x00400080          70      j matriz_constroi_loop         1000000100000000000000100000 
0x004000b4  0x24080000  addiu $8,$0,0x0000000074      li   $t0, 0                    100100000010000000000000000000
0x004000b8  0x3c011001  lui $1,0x00001001     75      la   $s0, saida                111100000000010001000000000001
0x004000bc  0x34300013  ori $16,$1,0x00000013                                        110100001100000000000000010011
0x004000c0  0x00048821  addu $17,$0,$4        76      move $s1, $a0                  1001000100000100001
0x004000c4  0x11190013  beq $8,$25,0x00000013 79       beq $t0, $t9, matriz_fim      10001000110010000000000010011    
0x004000c8  0x21080001  addi $8,$8,0x00000001 81      addi $t0, $t0, 1               100001000010000000000000000001
0x004000cc  0x21090030  addi $9,$8,0x00000030 82      addi $t1, $t0, 48              100001000010010000000000110000
0x004000d0  0xa2090005  sb $9,0x00000005($16) 83      sb $t1, 5($s0)                 10100010000010010000000000000101
0x004000d4  0x3c011001  lui $1,0x00001001     85      la $a0, saida                  111100000000010001000000000001
0x004000d8  0x34240013  ori $4,$1,0x00000013                                         110100001001000000000000010011
0x004000dc  0x24020004  addiu $2,$0,0x0000000486      li $v0, 4                      100100000000100000000000000100
0x004000e0  0x0000000c  syscall               87      syscall                        1100
0x004000e4  0x240a0000  addiu $10,$0,0x000000089      li $t2, 0                      100100000010100000000000000000
0x004000e8  0x82240000  lb $4,0x00000000($17) 92      lb $a0, 0($s1)                 10000010001001000000000000000000
0x004000ec  0x24020001  addiu $2,$0,0x0000000193      li $v0, 1                      100100000000100000000000000001
0x004000f0  0x0000000c  syscall               94      syscall                        1100
0x004000f4  0x3c011001  lui $1,0x00001001     96      la $a0, espaco                 111100000000010001000000000001
0x004000f8  0x34240000  ori $4,$1,0x00000000                                         110100001001000000000000000000
0x004000fc  0x24020004  addiu $2,$0,0x0000000497      li $v0, 4                      100100000000100000000000000100
0x00400100  0x0000000c  syscall               98      syscall                        1100
0x00400104  0x22310004  addi $17,$17,0x0000000100     addi $s1, $s1, 4               100010001100010000000000000100
0x00400108  0x214a0001  addi $10,$10,0x0000000101     addi $t2, $t2, 1               100001010010100000000000000001
0x0040010c  0x1159ffed  beq $10,$25,0xffffffed103     beq $t2, $t9, matriz_imprime   10001010110011111111111101101
0x00400110  0x0810003a  j 0x004000e8          104     j matriz_imprime_loop          1000000100000000000000111010
0x00400114  0x3c011001  lui $1,0x00001001     108     la $a0, novalinha              111100000000010001000000000001
0x00400118  0x34240002  ori $4,$1,0x00000002                                         110100001001000000000000000010
0x0040011c  0x24020004  addiu $2,$0,0x00000004109     li $v0, 4                      100100000000100000000000000100 
0x00400120  0x0000000c  syscall               110     syscall                        1100
0x00400124  0x03e00008  jr $31                112     jr $ra                         11111000000000000000001000
0x00400128  0x240a0000  addiu $10,$0,0x0000000116        li $t2, 0                   100100000010100000000000000000 
0x0040012c  0x24080000  addiu $8,$0,0x00000000117        li $t0, 0                   100100000010000000000000000000  
0x00400130  0x240b0002  addiu $11,$0,0x0000000118        li $t3, 2                   100100000010110000000000000010
0x00400134  0x00194820  add $9,$0,$25         120        add $t1, $zero $t9          110010100100000100000
0x00400138  0x24100000  addiu $16,$0,0x0000000121        li $s0, 0                   100100000100000000000000000000
0x0040013c  0x24110000  addiu $17,$0,0x0000000122  L1:   li $s1, 0                   100100000100010000000000000000
0x00400140  0x24120000  addiu $18,$0,0x0000000123  L2:   li $s2, 0                   100100000100100000000000000000 
0x00400144  0x72095002  mul $10,$16,$9        126        mul $t2, $s0, $t1           1110010000010010101000000000010 
0x00400148  0x01515020  add $10,$10,$17       128        add  $t2, $t2, $s1          1010100010101000000100000
0x0040014c  0x000a50c0  sll $10,$10,0x00000003129        sll  $t2, $t2, 3            10100101000011000000
0x00400150  0x15600001  bne $11,$0,0x00000001 131        div $t2, $t2, $t3           10101011000000000000000000001
0x00400154  0x0000000d  break                                                        1101
0x00400158  0x014b001a  div $10,$11                                                  1010010110000000000011010
0x0040015c  0x00005012  mflo $10                                                     10000000000000101011100
0x00400160  0x008a5020  add $10,$4,$10        134        add $t2, $a0, $t2           100010100101000000100000
0x00400164  0x81540000  lb $20,0x00000000($10)135        lb   $s4, 0($t2)            10000001010101000000000000000000
0x00400168  0x72494002  mul $8,$18,$9         138  L3:   mul $t0, $s2, $t1           1110010010010010100000000000010
0x0040016c  0x01114020  add $8,$8,$17         139        add $t0, $t0, $s1           1000100010100000000100000
0x00400170  0x000840c0  sll $8,$8,0x00000003  140        sll $t0, $t0, 3             10000100000011000000
0x00400174  0x15600001  bne $11,$0,0x00000001 142        div $t0, $t0, $t3           10101011000000000000000000001
0x00400178  0x0000000d  break                                                        1101
0x0040017c  0x010b001a  div $8,$11                                                   1000010110000000000011010
0x00400180  0x00004012  mflo $8                                                      100000000010010
0x00400184  0x00c84020  add $8,$6,$8          144        add $t0, $a2, $t0           110010000100000000100000
0x00400188  0x81160000  lb $22,0x00000000($8) 145        lb $s6, 0($t0)              10000001000101100000000000000000
0x0040018c  0x72094002  mul $8,$16,$9         147        mul  $t0, $s0, $t1          1110010000010010100000000000010
0x00400190  0x01124020  add $8,$8,$18         148        add $t0, $t0, $s2           1000100100100000000100000
0x00400194  0x000840c0  sll $8,$8,0x00000003  149        sll  $t0, $t0, 3            10000100000011000000
0x00400198  0x15600001  bne $11,$0,0x00000001 151        div $t0, $t0, $t3           10101011000000000000000000001
0x0040019c  0x0000000d  break                                                        1101
0x004001a0  0x010b001a  div $8,$11                                                   1000010110000000000011010
0x004001a4  0x00004012  mflo $8                                                      100000000010010
0x004001a8  0x00a84020  add $8,$5,$8          152        add $t0, $a1, $t0           101010000100000000100000
0x004001ac  0x81170000  lb $23,0x00000000($8) 153        lb   $s7, 0($t0)            10000001000101110000000000000000 
0x004001b0  0x72f6b002  mul $22,$23,$22       155        mul  $s6, $s7, $s6          1110010111101101011000000000010
0x004001b4  0x0296a020  add $20,$20,$22       156        add  $s4, $s4, $s6          10100101101010000000100000
0x004001b8  0x22520001  addi $18,$18,0x0000000158        addi  $s2, $s2, 1           100010010100100000000000000001
0x004001bc  0x1649ffea  bne $18,$9,0xffffffea 159        bne   $s2, $t1, L3          10110010010011111111111101010 
0x004001c0  0xa1540000  sb $20,0x00000000($10)160        sb    $s4, 0($t2)           10100001010101000000000000000000
0x004001c4  0x22310001  addi $17,$17,0x0000000162        addi  $s1, $s1, 1           100010001100010000000000000001
0x004001c8  0x1629ffdd  bne $17,$9,0xffffffdd 163        bne    $s1, $t1, L2         10110001010011111111111011101
0x004001cc  0x22100001  addi $16,$16,0x0000000164        addi  $s0, $s0, 1           100010000100000000000000000001
0x004001d0  0x1609ffda  bne $16,$9,0xffffffda 165        bne    $s0, $t1, L1         10110000010011111111111011010
0x004001d4  0x08100045  j 0x00400114          167     j matriz_fim                   1000000100000000000001000101
